<bochs:90> x /1bx 0xc01  ;ards_nr
[bochs]:
0x0000000000000c01 <bogus+       0>:    0x06


<bochs:89> x /120bx 0x0b0d ;ards_buf
[bochs]:
0x0000000000000b0d <bogus+       0>:    0x00    0x00    0x00    0x00    0x00    0x00    0x00    0x00
0x0000000000000b15 <bogus+       8>:    0x00    0xf0    0x09    0x00    0x00    0x00    0x00    0x00
0x0000000000000b1d <bogus+      16>:    0x01    0x00    0x00    0x00    0x00    0xf0    0x09    0x00
0x0000000000000b25 <bogus+      24>:    0x00    0x00    0x00    0x00    0x00    0x10    0x00    0x00
0x0000000000000b2d <bogus+      32>:    0x00    0x00    0x00    0x00    0x02    0x00    0x00    0x00
0x0000000000000b35 <bogus+      40>:    0x00    0x80    0x0e    0x00    0x00    0x00    0x00    0x00
0x0000000000000b3d <bogus+      48>:    0x00    0x80    0x01    0x00    0x00    0x00    0x00    0x00
0x0000000000000b45 <bogus+      56>:    0x02    0x00    0x00    0x00    0x00    0x00    0x10    0x00
0x0000000000000b4d <bogus+      64>:    0x00    0x00    0x00    0x00    0x00    0x00    0xef    0x01
0x0000000000000b55 <bogus+      72>:    0x00    0x00    0x00    0x00    0x01    0x00    0x00    0x00
0x0000000000000b5d <bogus+      80>:    0x00    0x00    0xff    0x01    0x00    0x00    0x00    0x00
0x0000000000000b65 <bogus+      88>:    0x00    0x00    0x01    0x00    0x00    0x00    0x00    0x00
0x0000000000000b6d <bogus+      96>:    0x03    0x00    0x00    0x00    0x00    0x00    0xfc    0xff
0x0000000000000b75 <bogus+     104>:    0x00    0x00    0x00    0x00    0x00    0x00    0x04    0x00
0x0000000000000b7d <bogus+     112>:    0x00    0x00    0x00    0x00    0x02    0x00    0x00    0x00

